<?xml version="1.0" encoding="utf-8"?><testsuites name="pytest tests"><testsuite name="pytest" errors="0" failures="0" skipped="0" tests="15" time="1.983" timestamp="2026-04-02T06:52:13.873242+00:00" hostname="agent-env-c40bcae4-3f04-4501-bb21-c75889c269a7"><testcase classname="backend.tests.test_kalam_api.TestAuth" name="test_login_success" time="0.469" /><testcase classname="backend.tests.test_kalam_api.TestAuth" name="test_login_wrong_password" time="0.273" /><testcase classname="backend.tests.test_kalam_api.TestAuth" name="test_get_me" time="0.326" /><testcase classname="backend.tests.test_kalam_api.TestProducts" name="test_get_products" time="0.046" /><testcase classname="backend.tests.test_kalam_api.TestProducts" name="test_get_single_product" time="0.094" /><testcase classname="backend.tests.test_kalam_api.TestProducts" name="test_get_product_not_found" time="0.049" /><testcase classname="backend.tests.test_kalam_api.TestProducts" name="test_create_product" time="0.048" /><testcase classname="backend.tests.test_kalam_api.TestProducts" name="test_update_product" time="0.072" /><testcase classname="backend.tests.test_kalam_api.TestProducts" name="test_delete_product" time="0.096" /><testcase classname="backend.tests.test_kalam_api.TestProducts" name="test_get_all_products_admin" time="0.054" /><testcase classname="backend.tests.test_kalam_api.TestOrders" name="test_create_order" time="0.091" /><testcase classname="backend.tests.test_kalam_api.TestOrders" name="test_get_order_by_id" time="0.045" /><testcase classname="backend.tests.test_kalam_api.TestOrders" name="test_get_orders_admin" time="0.045" /><testcase classname="backend.tests.test_kalam_api.TestOrders" name="test_update_order_status" time="0.045" /><testcase classname="backend.tests.test_kalam_api.TestOrders" name="test_update_order_status_invalid" time="0.044" /></testsuite></testsuites>